Fra:1 Mem:37.40M (Peak 37.40M) | Time:00:00.01 | Mem:0.00M, Peak:0.00M | Scene, ViewLayer | Synchronizing object | Object_2
Fra:1 Mem:45.79M (Peak 63.74M) | Time:00:00.03 | Mem:0.00M, Peak:0.00M | Scene, ViewLayer | Initializing
Fra:1 Mem:45.78M (Peak 63.74M) | Time:00:00.03 | Mem:0.00M, Peak:0.00M | Scene, ViewLayer | Updating Images | Loading Image_0.002
Fra:1 Mem:46.17M (Peak 63.74M) | Time:00:00.05 | Mem:4.00M, Peak:4.00M | Scene, ViewLayer | Waiting for render to start
Fra:1 Mem:46.17M (Peak 63.74M) | Time:00:00.05 | Mem:4.00M, Peak:4.00M | Scene, ViewLayer | Loading render kernels (may take a few minutes the first time)
Fra:1 Mem:46.17M (Peak 63.74M) | Time:00:00.05 | Mem:4.00M, Peak:4.00M | Scene, ViewLayer | Updating Scene
Fra:1 Mem:46.17M (Peak 63.74M) | Time:00:00.05 | Mem:4.00M, Peak:4.00M | Scene, ViewLayer | Updating Shaders
Fra:1 Mem:46.25M (Peak 63.74M) | Time:00:00.05 | Mem:4.00M, Peak:4.00M | Scene, ViewLayer | Updating Procedurals
Fra:1 Mem:46.25M (Peak 63.74M) | Time:00:00.05 | Mem:4.00M, Peak:4.00M | Scene, ViewLayer | Updating Background
Fra:1 Mem:46.25M (Peak 63.74M) | Time:00:00.05 | Mem:4.00M, Peak:4.00M | Scene, ViewLayer | Updating Camera
Fra:1 Mem:46.25M (Peak 63.74M) | Time:00:00.05 | Mem:4.00M, Peak:4.00M | Scene, ViewLayer | Updating Meshes Flags
Fra:1 Mem:46.25M (Peak 63.74M) | Time:00:00.05 | Mem:4.00M, Peak:4.00M | Scene, ViewLayer | Updating Objects
Fra:1 Mem:46.25M (Peak 63.74M) | Time:00:00.05 | Mem:4.00M, Peak:4.00M | Scene, ViewLayer | Updating Objects | Copying Transformations to device
Fra:1 Mem:46.25M (Peak 63.74M) | Time:00:00.05 | Mem:4.00M, Peak:4.00M | Scene, ViewLayer | Updating Objects | Applying Static Transformations
Fra:1 Mem:46.25M (Peak 63.74M) | Time:00:00.05 | Mem:4.00M, Peak:4.00M | Scene, ViewLayer | Updating Particle Systems
Fra:1 Mem:46.25M (Peak 63.74M) | Time:00:00.05 | Mem:4.00M, Peak:4.00M | Scene, ViewLayer | Updating Particle Systems | Copying Particles to device
Fra:1 Mem:46.25M (Peak 63.74M) | Time:00:00.05 | Mem:4.00M, Peak:4.00M | Scene, ViewLayer | Updating Meshes
Fra:1 Mem:47.78M (Peak 63.74M) | Time:00:00.06 | Mem:4.00M, Peak:4.00M | Scene, ViewLayer | Updating Mesh | Computing attributes
Fra:1 Mem:50.07M (Peak 63.74M) | Time:00:00.06 | Mem:4.00M, Peak:4.00M | Scene, ViewLayer | Updating Mesh | Copying Attributes to device
Fra:1 Mem:50.07M (Peak 63.74M) | Time:00:00.06 | Mem:6.29M, Peak:6.29M | Scene, ViewLayer | Updating Scene BVH | Building
Fra:1 Mem:50.07M (Peak 63.74M) | Time:00:00.06 | Mem:6.29M, Peak:6.29M | Scene, ViewLayer | Updating Scene BVH | Building BVH
Fra:1 Mem:50.07M (Peak 63.74M) | Time:00:00.06 | Mem:9.34M, Peak:9.34M | Scene, ViewLayer | Updating Scene BVH | Building BVH 0%
Fra:1 Mem:50.07M (Peak 63.74M) | Time:00:00.06 | Mem:12.66M, Peak:15.72M | Scene, ViewLayer | Updating Scene BVH | Copying BVH to device
Fra:1 Mem:50.07M (Peak 63.74M) | Time:00:00.06 | Mem:12.66M, Peak:15.72M | Scene, ViewLayer | Updating Mesh | Computing normals
Fra:1 Mem:56.45M (Peak 63.74M) | Time:00:00.06 | Mem:12.66M, Peak:15.72M | Scene, ViewLayer | Updating Mesh | Copying Mesh to device
Fra:1 Mem:56.45M (Peak 63.74M) | Time:00:00.06 | Mem:19.04M, Peak:19.04M | Scene, ViewLayer | Updating Objects Flags
Fra:1 Mem:56.45M (Peak 63.74M) | Time:00:00.06 | Mem:19.04M, Peak:19.04M | Scene, ViewLayer | Updating Primitive Offsets
Fra:1 Mem:56.45M (Peak 63.74M) | Time:00:00.06 | Mem:19.04M, Peak:19.04M | Scene, ViewLayer | Updating Images
Fra:1 Mem:56.45M (Peak 63.74M) | Time:00:00.06 | Mem:19.04M, Peak:19.04M | Scene, ViewLayer | Updating Camera Volume
Fra:1 Mem:56.45M (Peak 63.74M) | Time:00:00.06 | Mem:19.04M, Peak:19.04M | Scene, ViewLayer | Updating Lookup Tables
Fra:1 Mem:56.45M (Peak 63.74M) | Time:00:00.06 | Mem:19.13M, Peak:19.13M | Scene, ViewLayer | Updating Lights
Fra:1 Mem:56.45M (Peak 63.74M) | Time:00:00.06 | Mem:19.13M, Peak:19.13M | Scene, ViewLayer | Updating Lights | Computing distribution
Fra:1 Mem:56.45M (Peak 63.74M) | Time:00:00.06 | Mem:19.13M, Peak:19.13M | Scene, ViewLayer | Updating Lights | Computing tree
Fra:1 Mem:75.14M (Peak 87.35M) | Time:00:00.16 | Mem:37.82M, Peak:37.82M | Scene, ViewLayer | Updating Integrator
Fra:1 Mem:91.14M (Peak 91.14M) | Time:00:00.16 | Mem:53.82M, Peak:53.82M | Scene, ViewLayer | Updating Film
Fra:1 Mem:91.14M (Peak 91.14M) | Time:00:00.16 | Mem:53.74M, Peak:53.82M | Scene, ViewLayer | Updating Lookup Tables
Fra:1 Mem:91.14M (Peak 91.14M) | Time:00:00.16 | Mem:53.82M, Peak:53.82M | Scene, ViewLayer | Updating Baking
Fra:1 Mem:91.14M (Peak 91.14M) | Time:00:00.16 | Mem:53.82M, Peak:53.82M | Scene, ViewLayer | Updating Device | Writing constant memory
Fra:1 Mem:91.14M (Peak 91.14M) | Time:00:00.16 | Mem:53.82M, Peak:53.82M | Scene, ViewLayer | Sample 0/4096
Fra:1 Mem:94.81M (Peak 94.81M) | Time:00:00.17 | Remaining:00:12.43 | Mem:57.47M, Peak:57.47M | Scene, ViewLayer | Sample 1/4096
Fra:1 Mem:94.81M (Peak 94.81M) | Time:00:00.33 | Remaining:00:08.37 | Mem:57.47M, Peak:57.47M | Scene, ViewLayer | Sample 80/4096
Fra:1 Mem:94.81M (Peak 94.81M) | Time:00:00.35 | Remaining:00:07.82 | Mem:57.47M, Peak:57.47M | Scene, ViewLayer | Sample 96/4096
Fra:1 Mem:94.81M (Peak 94.81M) | Time:00:00.37 | Remaining:00:07.34 | Mem:57.47M, Peak:57.47M | Scene, ViewLayer | Sample 112/4096
Fra:1 Mem:94.81M (Peak 94.81M) | Time:00:00.39 | Remaining:00:06.95 | Mem:57.47M, Peak:57.47M | Scene, ViewLayer | Sample 128/4096
Fra:1 Mem:94.81M (Peak 94.81M) | Time:00:00.40 | Remaining:00:06.60 | Mem:57.47M, Peak:57.47M | Scene, ViewLayer | Sample 144/4096
Fra:1 Mem:94.81M (Peak 94.81M) | Time:00:00.42 | Remaining:00:06.30 | Mem:57.47M, Peak:57.47M | Scene, ViewLayer | Sample 160/4096
Fra:1 Mem:94.81M (Peak 94.81M) | Time:00:00.44 | Remaining:00:06.04 | Mem:57.47M, Peak:57.47M | Scene, ViewLayer | Sample 176/4096
Fra:1 Mem:94.81M (Peak 94.81M) | Time:00:00.45 | Remaining:00:05.82 | Mem:57.47M, Peak:57.47M | Scene, ViewLayer | Sample 192/4096
Fra:1 Mem:94.81M (Peak 94.81M) | Time:00:00.46 | Remaining:00:05.60 | Mem:57.47M, Peak:57.47M | Scene, ViewLayer | Sample 208/4096
Fra:1 Mem:94.81M (Peak 94.81M) | Time:00:00.47 | Remaining:00:05.37 | Mem:57.47M, Peak:57.47M | Scene, ViewLayer | Sample 224/4096
Fra:1 Mem:94.81M (Peak 94.81M) | Time:00:00.48 | Remaining:00:05.15 | Mem:57.47M, Peak:57.47M | Scene, ViewLayer | Sample 240/4096
Fra:1 Mem:94.81M (Peak 94.81M) | Time:00:00.49 | Remaining:00:04.93 | Mem:57.47M, Peak:57.47M | Scene, ViewLayer | Sample 256/4096
Fra:1 Mem:94.81M (Peak 94.81M) | Time:00:00.50 | Remaining:00:04.73 | Mem:57.47M, Peak:57.47M | Scene, ViewLayer | Sample 272/4096
Fra:1 Mem:94.81M (Peak 94.81M) | Time:00:00.51 | Remaining:00:04.54 | Mem:57.47M, Peak:57.47M | Scene, ViewLayer | Sample 288/4096
Fra:1 Mem:94.81M (Peak 94.81M) | Time:00:00.51 | Remaining:00:04.36 | Mem:57.47M, Peak:57.47M | Scene, ViewLayer | Sample 304/4096
Fra:1 Mem:94.81M (Peak 94.81M) | Time:00:00.52 | Remaining:00:04.19 | Mem:57.47M, Peak:57.47M | Scene, ViewLayer | Sample 320/4096
Fra:1 Mem:94.81M (Peak 94.81M) | Time:00:00.52 | Remaining:00:04.03 | Mem:57.47M, Peak:57.47M | Scene, ViewLayer | Sample 336/4096
Fra:1 Mem:94.81M (Peak 94.81M) | Time:00:00.53 | Remaining:00:03.87 | Mem:57.47M, Peak:57.47M | Scene, ViewLayer | Sample 352/4096
Fra:1 Mem:94.81M (Peak 94.81M) | Time:00:00.53 | Remaining:00:03.73 | Mem:57.47M, Peak:57.47M | Scene, ViewLayer | Sample 368/4096
Fra:1 Mem:94.81M (Peak 94.81M) | Time:00:00.54 | Remaining:00:03.59 | Mem:57.47M, Peak:57.47M | Scene, ViewLayer | Sample 384/4096
Fra:1 Mem:94.81M (Peak 94.81M) | Time:00:00.54 | Remaining:00:03.46 | Mem:57.47M, Peak:57.47M | Scene, ViewLayer | Sample 400/4096
Fra:1 Mem:94.81M (Peak 94.81M) | Time:00:00.54 | Remaining:00:03.35 | Mem:57.47M, Peak:57.47M | Scene, ViewLayer | Sample 416/4096
Fra:1 Mem:94.81M (Peak 94.81M) | Time:00:00.55 | Remaining:00:03.23 | Mem:57.47M, Peak:57.47M | Scene, ViewLayer | Sample 432/4096
Fra:1 Mem:94.81M (Peak 94.81M) | Time:00:00.55 | Remaining:00:03.13 | Mem:57.47M, Peak:57.47M | Scene, ViewLayer | Sample 448/4096
Fra:1 Mem:94.81M (Peak 94.81M) | Time:00:00.55 | Remaining:00:03.02 | Mem:57.47M, Peak:57.47M | Scene, ViewLayer | Sample 464/4096
Fra:1 Mem:94.81M (Peak 94.81M) | Time:00:00.55 | Remaining:00:02.93 | Mem:57.47M, Peak:57.47M | Scene, ViewLayer | Sample 480/4096
Fra:1 Mem:94.81M (Peak 94.81M) | Time:00:00.56 | Remaining:00:02.84 | Mem:57.47M, Peak:57.47M | Scene, ViewLayer | Sample 496/4096
Fra:1 Mem:94.81M (Peak 94.81M) | Time:00:00.56 | Remaining:00:02.75 | Mem:57.47M, Peak:57.47M | Scene, ViewLayer | Sample 512/4096
Fra:1 Mem:94.81M (Peak 94.81M) | Time:00:00.56 | Remaining:00:02.67 | Mem:57.47M, Peak:57.47M | Scene, ViewLayer | Sample 528/4096
Fra:1 Mem:94.81M (Peak 94.81M) | Time:00:00.56 | Remaining:00:02.59 | Mem:57.47M, Peak:57.47M | Scene, ViewLayer | Sample 544/4096
Fra:1 Mem:94.81M (Peak 94.81M) | Time:00:00.56 | Remaining:00:02.52 | Mem:57.47M, Peak:57.47M | Scene, ViewLayer | Sample 560/4096
Fra:1 Mem:94.81M (Peak 94.81M) | Time:00:00.57 | Remaining:00:02.45 | Mem:57.47M, Peak:57.47M | Scene, ViewLayer | Sample 576/4096
Fra:1 Mem:94.81M (Peak 94.81M) | Time:00:00.57 | Remaining:00:02.38 | Mem:57.47M, Peak:57.47M | Scene, ViewLayer | Sample 592/4096
Fra:1 Mem:94.81M (Peak 94.81M) | Time:00:00.57 | Remaining:00:02.31 | Mem:57.47M, Peak:57.47M | Scene, ViewLayer | Sample 608/4096
Fra:1 Mem:94.81M (Peak 94.81M) | Time:00:00.57 | Remaining:00:02.25 | Mem:57.47M, Peak:57.47M | Scene, ViewLayer | Sample 624/4096
Fra:1 Mem:94.81M (Peak 94.81M) | Time:00:00.57 | Remaining:00:02.19 | Mem:57.47M, Peak:57.47M | Scene, ViewLayer | Sample 640/4096
Fra:1 Mem:94.81M (Peak 94.81M) | Time:00:00.57 | Remaining:00:02.13 | Mem:57.47M, Peak:57.47M | Scene, ViewLayer | Sample 656/4096
Fra:1 Mem:94.81M (Peak 94.81M) | Time:00:00.57 | Remaining:00:02.08 | Mem:57.47M, Peak:57.47M | Scene, ViewLayer | Sample 672/4096
Fra:1 Mem:94.81M (Peak 94.81M) | Time:00:00.57 | Remaining:00:02.03 | Mem:57.47M, Peak:57.47M | Scene, ViewLayer | Sample 688/4096
Fra:1 Mem:94.81M (Peak 94.81M) | Time:00:00.57 | Remaining:00:01.97 | Mem:57.47M, Peak:57.47M | Scene, ViewLayer | Sample 704/4096
Fra:1 Mem:94.81M (Peak 94.81M) | Time:00:00.58 | Remaining:00:01.93 | Mem:57.47M, Peak:57.47M | Scene, ViewLayer | Sample 720/4096
Fra:1 Mem:94.81M (Peak 94.81M) | Time:00:00.58 | Remaining:00:01.88 | Mem:57.47M, Peak:57.47M | Scene, ViewLayer | Sample 736/4096
Fra:1 Mem:94.81M (Peak 94.81M) | Time:00:00.58 | Remaining:00:01.84 | Mem:57.47M, Peak:57.47M | Scene, ViewLayer | Sample 752/4096
Fra:1 Mem:94.81M (Peak 94.81M) | Time:00:00.58 | Remaining:00:01.79 | Mem:57.47M, Peak:57.47M | Scene, ViewLayer | Sample 768/4096
Fra:1 Mem:94.81M (Peak 94.81M) | Time:00:00.58 | Remaining:00:01.75 | Mem:57.47M, Peak:57.47M | Scene, ViewLayer | Sample 784/4096
Fra:1 Mem:94.81M (Peak 94.81M) | Time:00:00.58 | Remaining:00:01.71 | Mem:57.47M, Peak:57.47M | Scene, ViewLayer | Sample 800/4096
Fra:1 Mem:94.81M (Peak 94.81M) | Time:00:00.58 | Remaining:00:01.67 | Mem:57.47M, Peak:57.47M | Scene, ViewLayer | Sample 816/4096
Fra:1 Mem:94.81M (Peak 94.81M) | Time:00:00.58 | Remaining:00:01.63 | Mem:57.47M, Peak:57.47M | Scene, ViewLayer | Sample 832/4096
Fra:1 Mem:94.81M (Peak 94.81M) | Time:00:00.58 | Remaining:00:01.60 | Mem:57.47M, Peak:57.47M | Scene, ViewLayer | Sample 848/4096
Fra:1 Mem:94.81M (Peak 94.81M) | Time:00:00.58 | Remaining:00:01.56 | Mem:57.47M, Peak:57.47M | Scene, ViewLayer | Sample 864/4096
Fra:1 Mem:94.81M (Peak 94.81M) | Time:00:00.58 | Remaining:00:01.53 | Mem:57.47M, Peak:57.47M | Scene, ViewLayer | Sample 880/4096
Fra:1 Mem:94.81M (Peak 94.81M) | Time:00:00.58 | Remaining:00:01.49 | Mem:57.47M, Peak:57.47M | Scene, ViewLayer | Sample 896/4096
Fra:1 Mem:94.81M (Peak 94.81M) | Time:00:00.58 | Remaining:00:01.46 | Mem:57.47M, Peak:57.47M | Scene, ViewLayer | Sample 912/4096
Fra:1 Mem:94.81M (Peak 94.81M) | Time:00:00.58 | Remaining:00:01.43 | Mem:57.47M, Peak:57.47M | Scene, ViewLayer | Sample 928/4096
Fra:1 Mem:94.81M (Peak 94.81M) | Time:00:00.59 | Remaining:00:01.40 | Mem:57.47M, Peak:57.47M | Scene, ViewLayer | Sample 944/4096
Fra:1 Mem:94.81M (Peak 94.81M) | Time:00:00.59 | Remaining:00:01.37 | Mem:57.47M, Peak:57.47M | Scene, ViewLayer | Sample 960/4096
Fra:1 Mem:94.81M (Peak 94.81M) | Time:00:00.59 | Remaining:00:01.35 | Mem:57.47M, Peak:57.47M | Scene, ViewLayer | Sample 976/4096
Fra:1 Mem:94.81M (Peak 94.81M) | Time:00:00.59 | Remaining:00:01.32 | Mem:57.47M, Peak:57.47M | Scene, ViewLayer | Sample 992/4096
Fra:1 Mem:94.81M (Peak 94.81M) | Time:00:00.59 | Remaining:00:01.29 | Mem:57.47M, Peak:57.47M | Scene, ViewLayer | Sample 1008/4096
Fra:1 Mem:94.81M (Peak 94.81M) | Time:00:00.59 | Remaining:00:01.27 | Mem:57.47M, Peak:57.47M | Scene, ViewLayer | Sample 1024/4096
Fra:1 Mem:94.81M (Peak 94.81M) | Time:00:00.59 | Remaining:00:01.24 | Mem:57.47M, Peak:57.47M | Scene, ViewLayer | Sample 1040/4096
Fra:1 Mem:94.81M (Peak 94.81M) | Time:00:00.59 | Remaining:00:01.22 | Mem:57.47M, Peak:57.47M | Scene, ViewLayer | Sample 1056/4096
Fra:1 Mem:94.81M (Peak 94.81M) | Time:00:00.59 | Remaining:00:01.20 | Mem:57.47M, Peak:57.47M | Scene, ViewLayer | Sample 1072/4096
Fra:1 Mem:94.81M (Peak 94.81M) | Time:00:00.59 | Remaining:00:01.17 | Mem:57.47M, Peak:57.47M | Scene, ViewLayer | Sample 1088/4096
Fra:1 Mem:94.81M (Peak 94.81M) | Time:00:00.59 | Remaining:00:01.15 | Mem:57.47M, Peak:57.47M | Scene, ViewLayer | Sample 1104/4096
Fra:1 Mem:94.81M (Peak 94.81M) | Time:00:00.59 | Remaining:00:01.13 | Mem:57.47M, Peak:57.47M | Scene, ViewLayer | Sample 1120/4096
Fra:1 Mem:94.81M (Peak 94.81M) | Time:00:00.59 | Remaining:00:01.11 | Mem:57.47M, Peak:57.47M | Scene, ViewLayer | Sample 1136/4096
Fra:1 Mem:94.81M (Peak 94.81M) | Time:00:00.59 | Remaining:00:01.09 | Mem:57.47M, Peak:57.47M | Scene, ViewLayer | Sample 1152/4096
Fra:1 Mem:94.81M (Peak 94.81M) | Time:00:00.59 | Remaining:00:01.07 | Mem:57.47M, Peak:57.47M | Scene, ViewLayer | Sample 1168/4096
Fra:1 Mem:94.81M (Peak 94.81M) | Time:00:00.59 | Remaining:00:01.05 | Mem:57.47M, Peak:57.47M | Scene, ViewLayer | Sample 1184/4096
Fra:1 Mem:94.81M (Peak 94.81M) | Time:00:00.59 | Remaining:00:01.03 | Mem:57.47M, Peak:57.47M | Scene, ViewLayer | Sample 1200/4096
Fra:1 Mem:94.81M (Peak 94.81M) | Time:00:00.59 | Remaining:00:01.01 | Mem:57.47M, Peak:57.47M | Scene, ViewLayer | Sample 1216/4096
Fra:1 Mem:94.81M (Peak 94.81M) | Time:00:00.59 | Remaining:00:01.00 | Mem:57.47M, Peak:57.47M | Scene, ViewLayer | Sample 1232/4096
Fra:1 Mem:94.81M (Peak 94.81M) | Time:00:00.59 | Remaining:00:00.98 | Mem:57.47M, Peak:57.47M | Scene, ViewLayer | Sample 1248/4096
Fra:1 Mem:94.81M (Peak 94.81M) | Time:00:00.60 | Remaining:00:00.96 | Mem:57.47M, Peak:57.47M | Scene, ViewLayer | Sample 1264/4096
Fra:1 Mem:94.81M (Peak 94.81M) | Time:00:00.60 | Remaining:00:00.95 | Mem:57.47M, Peak:57.47M | Scene, ViewLayer | Sample 1280/4096
Fra:1 Mem:94.81M (Peak 94.81M) | Time:00:00.60 | Remaining:00:00.93 | Mem:57.47M, Peak:57.47M | Scene, ViewLayer | Sample 1296/4096
Fra:1 Mem:94.81M (Peak 94.81M) | Time:00:00.60 | Remaining:00:00.91 | Mem:57.47M, Peak:57.47M | Scene, ViewLayer | Sample 1312/4096
Fra:1 Mem:94.81M (Peak 94.81M) | Time:00:00.60 | Remaining:00:00.90 | Mem:57.47M, Peak:57.47M | Scene, ViewLayer | Sample 1328/4096
Fra:1 Mem:94.81M (Peak 94.81M) | Time:00:00.60 | Remaining:00:00.88 | Mem:57.47M, Peak:57.47M | Scene, ViewLayer | Sample 1344/4096
Fra:1 Mem:94.81M (Peak 94.81M) | Time:00:00.60 | Remaining:00:00.87 | Mem:57.47M, Peak:57.47M | Scene, ViewLayer | Sample 1360/4096
Fra:1 Mem:94.81M (Peak 94.81M) | Time:00:00.60 | Remaining:00:00.85 | Mem:57.47M, Peak:57.47M | Scene, ViewLayer | Sample 1376/4096
Fra:1 Mem:94.81M (Peak 94.81M) | Time:00:00.60 | Remaining:00:00.84 | Mem:57.47M, Peak:57.47M | Scene, ViewLayer | Sample 1392/4096
Fra:1 Mem:94.81M (Peak 94.81M) | Time:00:00.60 | Remaining:00:00.83 | Mem:57.47M, Peak:57.47M | Scene, ViewLayer | Sample 1408/4096
Fra:1 Mem:94.81M (Peak 94.81M) | Time:00:00.60 | Remaining:00:00.81 | Mem:57.47M, Peak:57.47M | Scene, ViewLayer | Sample 1424/4096
Fra:1 Mem:94.81M (Peak 94.81M) | Time:00:00.60 | Remaining:00:00.80 | Mem:57.47M, Peak:57.47M | Scene, ViewLayer | Sample 1440/4096
Fra:1 Mem:94.81M (Peak 94.81M) | Time:00:00.60 | Remaining:00:00.79 | Mem:57.47M, Peak:57.47M | Scene, ViewLayer | Sample 1456/4096
Fra:1 Mem:94.81M (Peak 94.81M) | Time:00:00.60 | Remaining:00:00.77 | Mem:57.47M, Peak:57.47M | Scene, ViewLayer | Sample 1472/4096
Fra:1 Mem:94.81M (Peak 94.81M) | Time:00:00.60 | Remaining:00:00.76 | Mem:57.47M, Peak:57.47M | Scene, ViewLayer | Sample 1488/4096
Fra:1 Mem:94.81M (Peak 94.81M) | Time:00:00.60 | Remaining:00:00.75 | Mem:57.47M, Peak:57.47M | Scene, ViewLayer | Sample 1504/4096
Fra:1 Mem:94.81M (Peak 94.81M) | Time:00:00.60 | Remaining:00:00.74 | Mem:57.47M, Peak:57.47M | Scene, ViewLayer | Sample 1520/4096
Fra:1 Mem:94.81M (Peak 94.81M) | Time:00:00.60 | Remaining:00:00.73 | Mem:57.47M, Peak:57.47M | Scene, ViewLayer | Sample 1536/4096
Fra:1 Mem:94.81M (Peak 94.81M) | Time:00:00.60 | Remaining:00:00.72 | Mem:57.47M, Peak:57.47M | Scene, ViewLayer | Sample 1552/4096
Fra:1 Mem:94.81M (Peak 94.81M) | Time:00:00.60 | Remaining:00:00.70 | Mem:57.47M, Peak:57.47M | Scene, ViewLayer | Sample 1568/4096
Fra:1 Mem:94.81M (Peak 94.81M) | Time:00:00.60 | Remaining:00:00.69 | Mem:57.47M, Peak:57.47M | Scene, ViewLayer | Sample 1584/4096
Fra:1 Mem:94.81M (Peak 94.81M) | Time:00:00.60 | Remaining:00:00.68 | Mem:57.47M, Peak:57.47M | Scene, ViewLayer | Sample 1600/4096
Fra:1 Mem:94.81M (Peak 94.81M) | Time:00:00.61 | Remaining:00:00.67 | Mem:57.47M, Peak:57.47M | Scene, ViewLayer | Sample 1616/4096
Fra:1 Mem:94.81M (Peak 94.81M) | Time:00:00.61 | Remaining:00:00.66 | Mem:57.47M, Peak:57.47M | Scene, ViewLayer | Sample 1632/4096
Fra:1 Mem:94.81M (Peak 94.81M) | Time:00:00.61 | Remaining:00:00.65 | Mem:57.47M, Peak:57.47M | Scene, ViewLayer | Sample 1648/4096
Fra:1 Mem:94.81M (Peak 94.81M) | Time:00:00.61 | Remaining:00:00.64 | Mem:57.47M, Peak:57.47M | Scene, ViewLayer | Sample 1664/4096
Fra:1 Mem:94.81M (Peak 94.81M) | Time:00:00.61 | Remaining:00:00.63 | Mem:57.47M, Peak:57.47M | Scene, ViewLayer | Sample 1680/4096
Fra:1 Mem:94.81M (Peak 94.81M) | Time:00:00.61 | Remaining:00:00.62 | Mem:57.47M, Peak:57.47M | Scene, ViewLayer | Sample 1696/4096
Fra:1 Mem:94.81M (Peak 95.96M) | Time:00:00.66 | Remaining:00:00.69 | Mem:57.47M, Peak:57.47M | Scene, ViewLayer | Sample 1712/4096
Fra:1 Mem:96.34M (Peak 98.64M) | Time:00:00.72 | Remaining:00:00.76 | Mem:57.47M, Peak:57.47M | Scene, ViewLayer | Sample 0/4096
Fra:1 Mem:96.34M (Peak 98.64M) | Time:00:00.72 | Remaining:00:00.76 | Mem:57.47M, Peak:57.47M | Scene, ViewLayer | Finished
Saved: '/Users/chrisgreen/Desktop/UniversalPerturbation/results/results_angle_9.jpg'
Time: 00:00.72 (Saving: 00:00.00)

yer | Sample 0/4096
Fra:1 Mem:96.34M (Peak 98.64M) | Time:00:00.69 | Remaining:00:00.70 | Mem:57.47M, Peak:57.47M | Scene, ViewLayer | Finished
Saved: '/Users/chrisgreen/Desktop/UniversalPerturbation/results/results_angle_5.jpg'
Time: 00:00.69 (Saving: 00:00.00)

yer | Sample 1792/4096
Fra:1 Mem:94.81M (Peak 94.81M) | Time:00:00.55 | Remaining:00:00.48 | Mem:57.47M, Peak:57.47M | Scene, ViewLayer | Sample 1808/4096
Fra:1 Mem:94.81M (Peak 94.81M) | Time:00:00.55 | Remaining:00:00.48 | Mem:57.47M, Peak:57.47M | Scene, ViewLayer | Sample 1824/4096
Fra:1 Mem:94.81M (Peak 94.81M) | Time:00:00.55 | Remaining:00:00.47 | Mem:57.47M, Peak:57.47M | Scene, ViewLayer | Sample 1840/4096
Fra:1 Mem:94.81M (Peak 94.81M) | Time:00:00.55 | Remaining:00:00.46 | Mem:57.47M, Peak:57.47M | Scene, ViewLayer | Sample 1856/4096
Fra:1 Mem:94.81M (Peak 94.81M) | Time:00:00.55 | Remaining:00:00.46 | Mem:57.47M, Peak:57.47M | Scene, ViewLayer | Sample 1872/4096
Fra:1 Mem:94.81M (Peak 94.81M) | Time:00:00.55 | Remaining:00:00.45 | Mem:57.47M, Peak:57.47M | Scene, ViewLayer | Sample 1888/4096
Fra:1 Mem:94.81M (Peak 94.81M) | Time:00:00.55 | Remaining:00:00.44 | Mem:57.47M, Peak:57.47M | Scene, ViewLayer | Sample 1904/4096
Fra:1 Mem:94.81M (Peak 94.81M) | Time:00:00.55 | Remaining:00:00.44 | Mem:57.47M, Peak:57.47M | Scene, ViewLayer | Sample 1920/4096
Fra:1 Mem:94.81M (Peak 94.81M) | Time:00:00.55 | Remaining:00:00.43 | Mem:57.47M, Peak:57.47M | Scene, ViewLayer | Sample 1936/4096
Fra:1 Mem:94.81M (Peak 94.81M) | Time:00:00.55 | Remaining:00:00.42 | Mem:57.47M, Peak:57.47M | Scene, ViewLayer | Sample 1952/4096
Fra:1 Mem:94.81M (Peak 94.81M) | Time:00:00.55 | Remaining:00:00.42 | Mem:57.47M, Peak:57.47M | Scene, ViewLayer | Sample 1968/4096
Fra:1 Mem:94.81M (Peak 94.81M) | Time:00:00.55 | Remaining:00:00.41 | Mem:57.47M, Peak:57.47M | Scene, ViewLayer | Sample 1984/4096
Fra:1 Mem:94.81M (Peak 94.81M) | Time:00:00.55 | Remaining:00:00.40 | Mem:57.47M, Peak:57.47M | Scene, ViewLayer | Sample 2000/4096
Fra:1 Mem:94.81M (Peak 94.81M) | Time:00:00.55 | Remaining:00:00.40 | Mem:57.47M, Peak:57.47M | Scene, ViewLayer | Sample 2016/4096
Fra:1 Mem:94.81M (Peak 94.81M) | Time:00:00.55 | Remaining:00:00.39 | Mem:57.47M, Peak:57.47M | Scene, ViewLayer | Sample 2032/4096
Fra:1 Mem:94.81M (Peak 94.81M) | Time:00:00.55 | Remaining:00:00.39 | Mem:57.47M, Peak:57.47M | Scene, ViewLayer | Sample 2048/4096
Fra:1 Mem:94.81M (Peak 94.81M) | Time:00:00.55 | Remaining:00:00.38 | Mem:57.47M, Peak:57.47M | Scene, ViewLayer | Sample 2064/4096
Fra:1 Mem:94.81M (Peak 94.81M) | Time:00:00.55 | Remaining:00:00.38 | Mem:57.47M, Peak:57.47M | Scene, ViewLayer | Sample 2080/4096
Fra:1 Mem:94.81M (Peak 94.81M) | Time:00:00.55 | Remaining:00:00.37 | Mem:57.47M, Peak:57.47M | Scene, ViewLayer | Sample 2096/4096
Fra:1 Mem:94.81M (Peak 94.81M) | Time:00:00.55 | Remaining:00:00.36 | Mem:57.47M, Peak:57.47M | Scene, ViewLayer | Sample 2112/4096
Fra:1 Mem:94.81M (Peak 94.81M) | Time:00:00.55 | Remaining:00:00.36 | Mem:57.47M, Peak:57.47M | Scene, ViewLayer | Sample 2128/4096
Fra:1 Mem:94.81M (Peak 94.81M) | Time:00:00.55 | Remaining:00:00.35 | Mem:57.47M, Peak:57.47M | Scene, ViewLayer | Sample 2144/4096
Fra:1 Mem:94.81M (Peak 94.81M) | Time:00:00.55 | Remaining:00:00.35 | Mem:57.47M, Peak:57.47M | Scene, ViewLayer | Sample 2160/4096
Fra:1 Mem:94.81M (Peak 94.81M) | Time:00:00.55 | Remaining:00:00.34 | Mem:57.47M, Peak:57.47M | Scene, ViewLayer | Sample 2176/4096
Fra:1 Mem:94.81M (Peak 94.81M) | Time:00:00.56 | Remaining:00:00.34 | Mem:57.47M, Peak:57.47M | Scene, ViewLayer | Sample 2192/4096
Fra:1 Mem:94.81M (Peak 94.81M) | Time:00:00.56 | Remaining:00:00.33 | Mem:57.47M, Peak:57.47M | Scene, ViewLayer | Sample 2208/4096
Fra:1 Mem:94.81M (Peak 94.81M) | Time:00:00.56 | Remaining:00:00.33 | Mem:57.47M, Peak:57.47M | Scene, ViewLayer | Sample 2224/4096
Fra:1 Mem:94.81M (Peak 94.81M) | Time:00:00.56 | Remaining:00:00.32 | Mem:57.47M, Peak:57.47M | Scene, ViewLayer | Sample 2240/4096
Fra:1 Mem:94.81M (Peak 94.81M) | Time:00:00.56 | Remaining:00:00.32 | Mem:57.47M, Peak:57.47M | Scene, ViewLayer | Sample 2256/4096
Fra:1 Mem:94.81M (Peak 94.81M) | Time:00:00.56 | Remaining:00:00.31 | Mem:57.47M, Peak:57.47M | Scene, ViewLayer | Sample 2272/4096
Fra:1 Mem:94.81M (Peak 94.81M) | Time:00:00.56 | Remaining:00:00.31 | Mem:57.47M, Peak:57.47M | Scene, ViewLayer | Sample 2288/4096
Fra:1 Mem:94.81M (Peak 94.81M) | Time:00:00.56 | Remaining:00:00.31 | Mem:57.47M, Peak:57.47M | Scene, ViewLayer | Sample 2304/4096
Fra:1 Mem:94.81M (Peak 94.81M) | Time:00:00.56 | Remaining:00:00.30 | Mem:57.47M, Peak:57.47M | Scene, ViewLayer | Sample 2320/4096
Fra:1 Mem:94.81M (Peak 94.81M) | Time:00:00.56 | Remaining:00:00.30 | Mem:57.47M, Peak:57.47M | Scene, ViewLayer | Sample 2336/4096
Fra:1 Mem:94.81M (Peak 94.81M) | Time:00:00.56 | Remaining:00:00.29 | Mem:57.47M, Peak:57.47M | Scene, ViewLayer | Sample 2352/4096
Fra:1 Mem:94.81M (Peak 94.81M) | Time:00:00.56 | Remaining:00:00.29 | Mem:57.47M, Peak:57.47M | Scene, ViewLayer | Sample 2368/4096
Fra:1 Mem:94.81M (Peak 94.81M) | Time:00:00.56 | Remaining:00:00.28 | Mem:57.47M, Peak:57.47M | Scene, ViewLayer | Sample 2384/4096
Fra:1 Mem:94.81M (Peak 94.81M) | Time:00:00.56 | Remaining:00:00.28 | Mem:57.47M, Peak:57.47M | Scene, ViewLayer | Sample 2400/4096
Fra:1 Mem:94.81M (Peak 94.81M) | Time:00:00.56 | Remaining:00:00.27 | Mem:57.47M, Peak:57.47M | Scene, ViewLayer | Sample 2416/4096
Fra:1 Mem:94.81M (Peak 94.81M) | Time:00:00.56 | Remaining:00:00.27 | Mem:57.47M, Peak:57.47M | Scene, ViewLayer | Sample 2432/4096
Fra:1 Mem:94.81M (Peak 94.81M) | Time:00:00.56 | Remaining:00:00.27 | Mem:57.47M, Peak:57.47M | Scene, ViewLayer | Sample 2448/4096
Fra:1 Mem:94.81M (Peak 94.81M) | Time:00:00.56 | Remaining:00:00.26 | Mem:57.47M, Peak:57.47M | Scene, ViewLayer | Sample 2464/4096
Fra:1 Mem:94.81M (Peak 94.81M) | Time:00:00.56 | Remaining:00:00.26 | Mem:57.47M, Peak:57.47M | Scene, ViewLayer | Sample 2480/4096
Fra:1 Mem:94.81M (Peak 94.81M) | Time:00:00.56 | Remaining:00:00.25 | Mem:57.47M, Peak:57.47M | Scene, ViewLayer | Sample 2496/4096
Fra:1 Mem:94.81M (Peak 94.81M) | Time:00:00.56 | Remaining:00:00.25 | Mem:57.47M, Peak:57.47M | Scene, ViewLayer | Sample 2512/4096
Fra:1 Mem:94.81M (Peak 94.81M) | Time:00:00.56 | Remaining:00:00.25 | Mem:57.47M, Peak:57.47M | Scene, ViewLayer | Sample 2528/4096
Fra:1 Mem:94.81M (Peak 94.81M) | Time:00:00.56 | Remaining:00:00.24 | Mem:57.47M, Peak:57.47M | Scene, ViewLayer | Sample 2544/4096
Fra:1 Mem:94.81M (Peak 94.81M) | Time:00:00.56 | Remaining:00:00.24 | Mem:57.47M, Peak:57.47M | Scene, ViewLayer | Sample 2560/4096
Fra:1 Mem:94.81M (Peak 94.81M) | Time:00:00.57 | Remaining:00:00.23 | Mem:57.47M, Peak:57.47M | Scene, ViewLayer | Sample 2576/4096
Fra:1 Mem:94.81M (Peak 94.81M) | Time:00:00.57 | Remaining:00:00.23 | Mem:57.47M, Peak:57.47M | Scene, ViewLayer | Sample 2592/4096
Fra:1 Mem:94.81M (Peak 94.81M) | Time:00:00.57 | Remaining:00:00.23 | Mem:57.47M, Peak:57.47M | Scene, ViewLayer | Sample 2608/4096
Fra:1 Mem:94.81M (Peak 94.81M) | Time:00:00.57 | Remaining:00:00.22 | Mem:57.47M, Peak:57.47M | Scene, ViewLayer | Sample 2624/4096
Fra:1 Mem:94.81M (Peak 94.81M) | Time:00:00.57 | Remaining:00:00.22 | Mem:57.47M, Peak:57.47M | Scene, ViewLayer | Sample 2640/4096
Fra:1 Mem:94.81M (Peak 94.81M) | Time:00:00.57 | Remaining:00:00.22 | Mem:57.47M, Peak:57.47M | Scene, ViewLayer | Sample 2656/4096
Fra:1 Mem:94.81M (Peak 94.81M) | Time:00:00.57 | Remaining:00:00.21 | Mem:57.47M, Peak:57.47M | Scene, ViewLayer | Sample 2672/4096
Fra:1 Mem:94.81M (Peak 94.81M) | Time:00:00.57 | Remaining:00:00.21 | Mem:57.47M, Peak:57.47M | Scene, ViewLayer | Sample 2688/4096
Fra:1 Mem:94.81M (Peak 94.81M) | Time:00:00.57 | Remaining:00:00.21 | Mem:57.47M, Peak:57.47M | Scene, ViewLayer | Sample 2704/4096
Fra:1 Mem:94.81M (Peak 94.81M) | Time:00:00.57 | Remaining:00:00.20 | Mem:57.47M, Peak:57.47M | Scene, ViewLayer | Sample 2720/4096
Fra:1 Mem:94.81M (Peak 94.81M) | Time:00:00.57 | Remaining:00:00.20 | Mem:57.47M, Peak:57.47M | Scene, ViewLayer | Sample 2736/4096
Fra:1 Mem:94.81M (Peak 94.81M) | Time:00:00.57 | Remaining:00:00.20 | Mem:57.47M, Peak:57.47M | Scene, ViewLayer | Sample 2752/4096
Fra:1 Mem:94.81M (Peak 94.81M) | Time:00:00.57 | Remaining:00:00.19 | Mem:57.47M, Peak:57.47M | Scene, ViewLayer | Sample 2768/4096
Fra:1 Mem:94.81M (Peak 94.81M) | Time:00:00.57 | Remaining:00:00.19 | Mem:57.47M, Peak:57.47M | Scene, ViewLayer | Sample 2784/4096
Fra:1 Mem:94.81M (Peak 95.96M) | Time:00:00.62 | Remaining:00:00.21 | Mem:57.47M, Peak:57.47M | Scene, ViewLayer | Sample 2800/4096
Fra:1 Mem:96.34M (Peak 98.64M) | Time:00:00.68 | Remaining:00:00.23 | Mem:57.47M, Peak:57.47M | Scene, ViewLayer | Sample 0/4096
Fra:1 Mem:96.34M (Peak 98.64M) | Time:00:00.68 | Remaining:00:00.23 | Mem:57.47M, Peak:57.47M | Scene, ViewLayer | Finished
Saved: '/Users/chrisgreen/Desktop/UniversalPerturbation/results/results_angle_4.jpg'
Time: 00:00.68 (Saving: 00:00.00)

yer | Sample 2848/4096
Fra:1 Mem:94.81M (Peak 94.81M) | Time:00:00.64 | Remaining:00:00.20 | Mem:57.47M, Peak:57.47M | Scene, ViewLayer | Sample 2864/4096
Fra:1 Mem:94.81M (Peak 94.81M) | Time:00:00.64 | Remaining:00:00.19 | Mem:57.47M, Peak:57.47M | Scene, ViewLayer | Sample 2880/4096
Fra:1 Mem:94.81M (Peak 94.81M) | Time:00:00.64 | Remaining:00:00.19 | Mem:57.47M, Peak:57.47M | Scene, ViewLayer | Sample 2896/4096
Fra:1 Mem:94.81M (Peak 94.81M) | Time:00:00.64 | Remaining:00:00.19 | Mem:57.47M, Peak:57.47M | Scene, ViewLayer | Sample 2912/4096
Fra:1 Mem:94.81M (Peak 94.81M) | Time:00:00.64 | Remaining:00:00.18 | Mem:57.47M, Peak:57.47M | Scene, ViewLayer | Sample 2928/4096
Fra:1 Mem:94.81M (Peak 94.81M) | Time:00:00.64 | Remaining:00:00.18 | Mem:57.47M, Peak:57.47M | Scene, ViewLayer | Sample 2944/4096
Fra:1 Mem:94.81M (Peak 95.96M) | Time:00:00.69 | Remaining:00:00.20 | Mem:57.47M, Peak:57.47M | Scene, ViewLayer | Sample 2960/4096
Fra:1 Mem:96.34M (Peak 98.64M) | Time:00:00.75 | Remaining:00:00.22 | Mem:57.47M, Peak:57.47M | Scene, ViewLayer | Sample 0/4096
Fra:1 Mem:96.34M (Peak 98.64M) | Time:00:00.75 | Remaining:00:00.22 | Mem:57.47M, Peak:57.47M | Scene, ViewLayer | Finished
Saved: '/Users/chrisgreen/Desktop/UniversalPerturbation/results/results_angle_1.jpg'
Time: 00:00.75 (Saving: 00:00.00)

M (Peak 521.55M) | Time:00:03.25 | Remaining:00:01.23 | Mem:211.92M, Peak:211.92M | Scene, ViewLayer | Sample 2880/4096
Fra:1 Mem:285.13M (Peak 521.55M) | Time:00:03.25 | Remaining:00:01.21 | Mem:211.92M, Peak:211.92M | Scene, ViewLayer | Sample 2896/4096
Fra:1 Mem:285.13M (Peak 521.55M) | Time:00:03.25 | Remaining:00:01.18 | Mem:211.92M, Peak:211.92M | Scene, ViewLayer | Sample 2912/4096
Fra:1 Mem:285.13M (Peak 521.55M) | Time:00:03.25 | Remaining:00:01.16 | Mem:211.92M, Peak:211.92M | Scene, ViewLayer | Sample 2928/4096
Fra:1 Mem:285.13M (Peak 521.55M) | Time:00:03.25 | Remaining:00:01.14 | Mem:211.92M, Peak:211.92M | Scene, ViewLayer | Sample 2944/4096
Fra:1 Mem:285.13M (Peak 521.55M) | Time:00:03.25 | Remaining:00:01.12 | Mem:211.92M, Peak:211.92M | Scene, ViewLayer | Sample 2960/4096
Fra:1 Mem:285.13M (Peak 521.55M) | Time:00:03.25 | Remaining:00:01.10 | Mem:211.92M, Peak:211.92M | Scene, ViewLayer | Sample 2976/4096
Fra:1 Mem:285.13M (Peak 521.55M) | Time:00:03.25 | Remaining:00:01.08 | Mem:211.92M, Peak:211.92M | Scene, ViewLayer | Sample 2992/4096
Fra:1 Mem:285.13M (Peak 521.55M) | Time:00:03.26 | Remaining:00:01.05 | Mem:211.92M, Peak:211.92M | Scene, ViewLayer | Sample 3008/4096
Fra:1 Mem:285.13M (Peak 521.55M) | Time:00:03.26 | Remaining:00:01.03 | Mem:211.92M, Peak:211.92M | Scene, ViewLayer | Sample 3024/4096
Fra:1 Mem:285.13M (Peak 521.55M) | Time:00:03.26 | Remaining:00:01.01 | Mem:211.92M, Peak:211.92M | Scene, ViewLayer | Sample 3040/4096
Fra:1 Mem:285.13M (Peak 521.55M) | Time:00:03.26 | Remaining:00:00.99 | Mem:211.92M, Peak:211.92M | Scene, ViewLayer | Sample 3056/4096
Fra:1 Mem:285.13M (Peak 521.55M) | Time:00:03.26 | Remaining:00:00.97 | Mem:211.92M, Peak:211.92M | Scene, ViewLayer | Sample 3072/4096
Fra:1 Mem:285.13M (Peak 521.55M) | Time:00:03.26 | Remaining:00:00.95 | Mem:211.92M, Peak:211.92M | Scene, ViewLayer | Sample 3088/4096
Fra:1 Mem:285.13M (Peak 521.55M) | Time:00:03.32 | Remaining:00:00.95 | Mem:211.92M, Peak:211.92M | Scene, ViewLayer | Sample 3104/4096
Fra:1 Mem:286.66M (Peak 521.55M) | Time:00:03.38 | Remaining:00:00.97 | Mem:211.92M, Peak:211.92M | Scene, ViewLayer | Sample 0/4096
Fra:1 Mem:286.66M (Peak 521.55M) | Time:00:03.38 | Remaining:00:00.97 | Mem:211.92M, Peak:211.92M | Scene, ViewLayer | Finished
Saved: '/Users/chrisgreen/Desktop/UniversalPerturbation/results/results_angle_9.jpg'
Time: 00:03.39 (Saving: 00:00.00)

ewLayer | Sample 3152/4096
Fra:1 Mem:285.13M (Peak 521.55M) | Time:00:03.14 | Remaining:00:00.82 | Mem:211.92M, Peak:211.92M | Scene, ViewLayer | Sample 3168/4096
Fra:1 Mem:285.13M (Peak 521.55M) | Time:00:03.15 | Remaining:00:00.80 | Mem:211.92M, Peak:211.92M | Scene, ViewLayer | Sample 3184/4096
Fra:1 Mem:285.13M (Peak 521.55M) | Time:00:03.15 | Remaining:00:00.78 | Mem:211.92M, Peak:211.92M | Scene, ViewLayer | Sample 3200/4096
Fra:1 Mem:285.13M (Peak 521.55M) | Time:00:03.15 | Remaining:00:00.77 | Mem:211.92M, Peak:211.92M | Scene, ViewLayer | Sample 3216/4096
Fra:1 Mem:285.13M (Peak 521.55M) | Time:00:03.15 | Remaining:00:00.75 | Mem:211.92M, Peak:211.92M | Scene, ViewLayer | Sample 3232/4096
Fra:1 Mem:285.13M (Peak 521.55M) | Time:00:03.15 | Remaining:00:00.73 | Mem:211.92M, Peak:211.92M | Scene, ViewLayer | Sample 3248/4096
Fra:1 Mem:285.13M (Peak 521.55M) | Time:00:03.15 | Remaining:00:00.71 | Mem:211.92M, Peak:211.92M | Scene, ViewLayer | Sample 3264/4096
Fra:1 Mem:285.13M (Peak 521.55M) | Time:00:03.15 | Remaining:00:00.70 | Mem:211.92M, Peak:211.92M | Scene, ViewLayer | Sample 3280/4096
Fra:1 Mem:285.13M (Peak 521.55M) | Time:00:03.15 | Remaining:00:00.68 | Mem:211.92M, Peak:211.92M | Scene, ViewLayer | Sample 3296/4096
Fra:1 Mem:285.13M (Peak 521.55M) | Time:00:03.15 | Remaining:00:00.66 | Mem:211.92M, Peak:211.92M | Scene, ViewLayer | Sample 3312/4096
Fra:1 Mem:285.13M (Peak 521.55M) | Time:00:03.15 | Remaining:00:00.65 | Mem:211.92M, Peak:211.92M | Scene, ViewLayer | Sample 3328/4096
Fra:1 Mem:285.13M (Peak 521.55M) | Time:00:03.15 | Remaining:00:00.63 | Mem:211.92M, Peak:211.92M | Scene, ViewLayer | Sample 3344/4096
Fra:1 Mem:285.13M (Peak 521.55M) | Time:00:03.15 | Remaining:00:00.61 | Mem:211.92M, Peak:211.92M | Scene, ViewLayer | Sample 3360/4096
Fra:1 Mem:285.13M (Peak 521.55M) | Time:00:03.15 | Remaining:00:00.60 | Mem:211.92M, Peak:211.92M | Scene, ViewLayer | Sample 3376/4096
Fra:1 Mem:285.13M (Peak 521.55M) | Time:00:03.15 | Remaining:00:00.58 | Mem:211.92M, Peak:211.92M | Scene, ViewLayer | Sample 3392/4096
Fra:1 Mem:285.13M (Peak 521.55M) | Time:00:03.15 | Remaining:00:00.57 | Mem:211.92M, Peak:211.92M | Scene, ViewLayer | Sample 3408/4096
Fra:1 Mem:285.13M (Peak 521.55M) | Time:00:03.16 | Remaining:00:00.55 | Mem:211.92M, Peak:211.92M | Scene, ViewLayer | Sample 3424/4096
Fra:1 Mem:285.13M (Peak 521.55M) | Time:00:03.16 | Remaining:00:00.53 | Mem:211.92M, Peak:211.92M | Scene, ViewLayer | Sample 3440/4096
Fra:1 Mem:285.13M (Peak 521.55M) | Time:00:03.16 | Remaining:00:00.52 | Mem:211.92M, Peak:211.92M | Scene, ViewLayer | Sample 3456/4096
Fra:1 Mem:285.13M (Peak 521.55M) | Time:00:03.16 | Remaining:00:00.50 | Mem:211.92M, Peak:211.92M | Scene, ViewLayer | Sample 3472/4096
Fra:1 Mem:285.13M (Peak 521.55M) | Time:00:03.16 | Remaining:00:00.49 | Mem:211.92M, Peak:211.92M | Scene, ViewLayer | Sample 3488/4096
Fra:1 Mem:285.13M (Peak 521.55M) | Time:00:03.16 | Remaining:00:00.47 | Mem:211.92M, Peak:211.92M | Scene, ViewLayer | Sample 3504/4096
Fra:1 Mem:285.13M (Peak 521.55M) | Time:00:03.16 | Remaining:00:00.46 | Mem:211.92M, Peak:211.92M | Scene, ViewLayer | Sample 3520/4096
Fra:1 Mem:285.13M (Peak 521.55M) | Time:00:03.16 | Remaining:00:00.44 | Mem:211.92M, Peak:211.92M | Scene, ViewLayer | Sample 3536/4096
Fra:1 Mem:285.13M (Peak 521.55M) | Time:00:03.16 | Remaining:00:00.43 | Mem:211.92M, Peak:211.92M | Scene, ViewLayer | Sample 3552/4096
Fra:1 Mem:285.13M (Peak 521.55M) | Time:00:03.16 | Remaining:00:00.41 | Mem:211.92M, Peak:211.92M | Scene, ViewLayer | Sample 3568/4096
Fra:1 Mem:285.13M (Peak 521.55M) | Time:00:03.16 | Remaining:00:00.40 | Mem:211.92M, Peak:211.92M | Scene, ViewLayer | Sample 3584/4096
Fra:1 Mem:285.13M (Peak 521.55M) | Time:00:03.16 | Remaining:00:00.39 | Mem:211.92M, Peak:211.92M | Scene, ViewLayer | Sample 3600/4096
Fra:1 Mem:285.13M (Peak 521.55M) | Time:00:03.16 | Remaining:00:00.37 | Mem:211.92M, Peak:211.92M | Scene, ViewLayer | Sample 3616/4096
Fra:1 Mem:285.13M (Peak 521.55M) | Time:00:03.16 | Remaining:00:00.36 | Mem:211.92M, Peak:211.92M | Scene, ViewLayer | Sample 3632/4096
Fra:1 Mem:285.13M (Peak 521.55M) | Time:00:03.16 | Remaining:00:00.34 | Mem:211.92M, Peak:211.92M | Scene, ViewLayer | Sample 3648/4096
Fra:1 Mem:285.13M (Peak 521.55M) | Time:00:03.16 | Remaining:00:00.33 | Mem:211.92M, Peak:211.92M | Scene, ViewLayer | Sample 3664/4096
Fra:1 Mem:285.13M (Peak 521.55M) | Time:00:03.16 | Remaining:00:00.32 | Mem:211.92M, Peak:211.92M | Scene, ViewLayer | Sample 3680/4096
Fra:1 Mem:285.13M (Peak 521.55M) | Time:00:03.17 | Remaining:00:00.30 | Mem:211.92M, Peak:211.92M | Scene, ViewLayer | Sample 3696/4096
Fra:1 Mem:285.13M (Peak 521.55M) | Time:00:03.17 | Remaining:00:00.29 | Mem:211.92M, Peak:211.92M | Scene, ViewLayer | Sample 3712/4096
Fra:1 Mem:285.13M (Peak 521.55M) | Time:00:03.17 | Remaining:00:00.28 | Mem:211.92M, Peak:211.92M | Scene, ViewLayer | Sample 3728/4096
Fra:1 Mem:285.13M (Peak 521.55M) | Time:00:03.17 | Remaining:00:00.26 | Mem:211.92M, Peak:211.92M | Scene, ViewLayer | Sample 3744/4096
Fra:1 Mem:285.13M (Peak 521.55M) | Time:00:03.17 | Remaining:00:00.25 | Mem:211.92M, Peak:211.92M | Scene, ViewLayer | Sample 3760/4096
Fra:1 Mem:285.13M (Peak 521.55M) | Time:00:03.17 | Remaining:00:00.24 | Mem:211.92M, Peak:211.92M | Scene, ViewLayer | Sample 3776/4096
Fra:1 Mem:285.13M (Peak 521.55M) | Time:00:03.17 | Remaining:00:00.22 | Mem:211.92M, Peak:211.92M | Scene, ViewLayer | Sample 3792/4096
Fra:1 Mem:285.13M (Peak 521.55M) | Time:00:03.17 | Remaining:00:00.21 | Mem:211.92M, Peak:211.92M | Scene, ViewLayer | Sample 3808/4096
Fra:1 Mem:285.13M (Peak 521.55M) | Time:00:03.17 | Remaining:00:00.20 | Mem:211.92M, Peak:211.92M | Scene, ViewLayer | Sample 3824/4096
Fra:1 Mem:285.13M (Peak 521.55M) | Time:00:03.17 | Remaining:00:00.18 | Mem:211.92M, Peak:211.92M | Scene, ViewLayer | Sample 3840/4096
Fra:1 Mem:285.13M (Peak 521.55M) | Time:00:03.17 | Remaining:00:00.17 | Mem:211.92M, Peak:211.92M | Scene, ViewLayer | Sample 3856/4096
Fra:1 Mem:285.13M (Peak 521.55M) | Time:00:03.17 | Remaining:00:00.16 | Mem:211.92M, Peak:211.92M | Scene, ViewLayer | Sample 3872/4096
Fra:1 Mem:285.13M (Peak 521.55M) | Time:00:03.17 | Remaining:00:00.15 | Mem:211.92M, Peak:211.92M | Scene, ViewLayer | Sample 3888/4096
Fra:1 Mem:285.13M (Peak 521.55M) | Time:00:03.17 | Remaining:00:00.13 | Mem:211.92M, Peak:211.92M | Scene, ViewLayer | Sample 3904/4096
Fra:1 Mem:285.13M (Peak 521.55M) | Time:00:03.17 | Remaining:00:00.12 | Mem:211.92M, Peak:211.92M | Scene, ViewLayer | Sample 3920/4096
Fra:1 Mem:285.13M (Peak 521.55M) | Time:00:03.17 | Remaining:00:00.11 | Mem:211.92M, Peak:211.92M | Scene, ViewLayer | Sample 3936/4096
Fra:1 Mem:285.13M (Peak 521.55M) | Time:00:03.17 | Remaining:00:00.10 | Mem:211.92M, Peak:211.92M | Scene, ViewLayer | Sample 3952/4096
Fra:1 Mem:285.13M (Peak 521.55M) | Time:00:03.17 | Remaining:00:00.09 | Mem:211.92M, Peak:211.92M | Scene, ViewLayer | Sample 3968/4096
Fra:1 Mem:285.13M (Peak 521.55M) | Time:00:03.17 | Remaining:00:00.08 | Mem:211.92M, Peak:211.92M | Scene, ViewLayer | Sample 3984/4096
Fra:1 Mem:285.13M (Peak 521.55M) | Time:00:03.18 | Remaining:00:00.06 | Mem:211.92M, Peak:211.92M | Scene, ViewLayer | Sample 4000/4096
Fra:1 Mem:285.13M (Peak 521.55M) | Time:00:03.18 | Remaining:00:00.05 | Mem:211.92M, Peak:211.92M | Scene, ViewLayer | Sample 4016/4096
Fra:1 Mem:285.13M (Peak 521.55M) | Time:00:03.18 | Remaining:00:00.04 | Mem:211.92M, Peak:211.92M | Scene, ViewLayer | Sample 4032/4096
Fra:1 Mem:285.13M (Peak 521.55M) | Time:00:03.18 | Remaining:00:00.03 | Mem:211.92M, Peak:211.92M | Scene, ViewLayer | Sample 4048/4096
Fra:1 Mem:285.13M (Peak 521.55M) | Time:00:03.18 | Remaining:00:00.02 | Mem:211.92M, Peak:211.92M | Scene, ViewLayer | Sample 4064/4096
Fra:1 Mem:285.13M (Peak 521.55M) | Time:00:03.18 | Remaining:00:00.01 | Mem:211.92M, Peak:211.92M | Scene, ViewLayer | Sample 4080/4096
Fra:1 Mem:286.66M (Peak 521.55M) | Time:00:03.23 | Mem:211.92M, Peak:211.92M | Scene, ViewLayer | Sample 4096/4096
Fra:1 Mem:286.66M (Peak 521.55M) | Time:00:03.23 | Mem:211.92M, Peak:211.92M | Scene, ViewLayer | Finished
Saved: '/Users/chrisgreen/Desktop/UniversalPerturbation/results/results_angle_8.jpg'
Time: 00:03.24 (Saving: 00:00.00)

